
[2022-04-01T09:50:08.104Z] Getting status...

[2022-04-01T09:50:09.015Z] Getting status... → Done

[2022-04-01T09:50:09.066Z] Getting build status for v-6c26a2411a...

[2022-04-01T09:50:09.070Z] Building version v-6c26a2411a...

[2022-04-01T09:50:09.076Z] Building version v-6c26a2411a... → Done (took 0 sec)

[2022-04-01T09:50:09.082Z] Done! 

[2022-04-01T09:50:17.496Z] Getting status...

[2022-04-01T09:50:18.398Z] Getting status... → Cached

[2022-04-01T09:50:18.400Z] Run with --force-refresh to force a refresh of provider statuses.

[2022-04-01T09:50:18.457Z] Getting build status for v-6c26a2411a...

[2022-04-01T09:50:18.461Z] Building version v-6c26a2411a...

[2022-04-01T09:50:18.466Z] Building version v-6c26a2411a... → Done (took 0 sec)

[2022-04-01T09:50:18.471Z] Done! 

[2022-04-01T09:52:46.391Z] Getting status...

[2022-04-01T09:52:47.280Z] Getting status... → Cached

[2022-04-01T09:52:47.283Z] Run with --force-refresh to force a refresh of provider statuses.

[2022-04-01T09:52:47.343Z] Getting build status for v-921d8291bc...

[2022-04-01T09:52:47.349Z] Building version v-921d8291bc...

[2022-04-01T09:52:47.355Z] Building version v-921d8291bc... → Done (took 0 sec)

[2022-04-01T09:52:47.362Z] Done! 

[2022-04-01T09:54:38.356Z] Getting status...

[2022-04-01T09:54:39.331Z] Getting status... → Cached

[2022-04-01T09:54:39.334Z] Run with --force-refresh to force a refresh of provider statuses.

[2022-04-01T09:54:39.385Z] Getting build status for v-921d8291bc...

[2022-04-01T09:54:39.389Z] Building version v-921d8291bc...

[2022-04-01T09:54:39.396Z] Building version v-921d8291bc... → Done (took 0 sec)

[2022-04-01T09:54:39.400Z] Done! 

[2022-04-01T09:55:24.766Z] Getting status...

[2022-04-01T09:55:25.656Z] Getting status... → Cached

[2022-04-01T09:55:25.658Z] Run with --force-refresh to force a refresh of provider statuses.

[2022-04-01T09:55:25.718Z] Getting build status for v-921d8291bc...

[2022-04-01T09:55:25.722Z] Building version v-921d8291bc...

[2022-04-01T09:55:25.733Z] Building version v-921d8291bc... → Done (took 0 sec)

[2022-04-01T09:55:25.739Z] Done! 

[2022-04-01T09:56:45.069Z] Getting status...

[2022-04-01T09:56:45.932Z] Getting status... → Cached

[2022-04-01T09:56:45.935Z] Run with --force-refresh to force a refresh of provider statuses.

[2022-04-01T09:56:46.000Z] Getting build status for v-921d8291bc...

[2022-04-01T09:56:46.003Z] Building version v-921d8291bc...

[2022-04-01T09:56:46.010Z] Building version v-921d8291bc... → Done (took 0 sec)

[2022-04-01T09:56:46.017Z] Done! 

[2022-04-01T09:57:11.317Z] Getting status...

[2022-04-01T09:57:12.201Z] Getting status... → Cached

[2022-04-01T09:57:12.204Z] Run with --force-refresh to force a refresh of provider statuses.

[2022-04-01T09:57:12.262Z] Getting build status for v-921d8291bc...

[2022-04-01T09:57:12.266Z] Building version v-921d8291bc...

[2022-04-01T09:57:12.271Z] Building version v-921d8291bc... → Done (took 0 sec)

[2022-04-01T09:57:12.281Z] Done! 

[2022-04-01T09:58:37.051Z] Getting status...

[2022-04-01T09:58:37.956Z] Getting status... → Cached

[2022-04-01T09:58:37.959Z] Run with --force-refresh to force a refresh of provider statuses.

[2022-04-01T09:58:38.028Z] Getting build status for v-d4c3fea627...

[2022-04-01T09:58:38.032Z] Building version v-d4c3fea627...

[2022-04-01T09:58:38.037Z] Building version v-d4c3fea627... → Done (took 0 sec)

[2022-04-01T09:58:38.043Z] Done! 

[2022-04-01T09:59:37.903Z] Getting status...

[2022-04-01T09:59:38.779Z] Getting status... → Cached

[2022-04-01T09:59:38.782Z] Run with --force-refresh to force a refresh of provider statuses.

[2022-04-01T09:59:38.838Z] Getting build status for v-1afad76049...

[2022-04-01T09:59:38.842Z] Building version v-1afad76049...

[2022-04-01T09:59:38.847Z] Building version v-1afad76049... → Done (took 0 sec)

[2022-04-01T09:59:38.853Z] Done! 

[2022-04-01T10:00:12.782Z] Getting status...

[2022-04-01T10:00:13.671Z] Getting status... → Cached

[2022-04-01T10:00:13.674Z] Run with --force-refresh to force a refresh of provider statuses.

[2022-04-01T10:00:13.746Z] Getting build status for v-921d8291bc...

[2022-04-01T10:00:13.752Z] Building version v-921d8291bc...

[2022-04-01T10:00:13.759Z] Building version v-921d8291bc... → Done (took 0 sec)

[2022-04-01T10:00:13.766Z] Done! 
